<?xml version="1.0" encoding="UTF-8"?>
<testsuite name="com.example.ServerTest" tests="3" skipped="0" failures="0" errors="0" timestamp="2026-05-27T13:35:56.570Z" hostname="MSI" time="0.042">
  <properties/>
  <testcase name="SHA-256 produces correct hash format" classname="com.example.ServerTest" time="0.034"/>
  <testcase name="string utilities work correctly" classname="com.example.ServerTest" time="0.0"/>
  <testcase name="email validation logic" classname="com.example.ServerTest" time="0.008"/>
  <system-out><![CDATA[]]></system-out>
  <system-err><![CDATA[]]></system-err>
</testsuite>
